<?xml version="1.0" encoding="UTF-8"?>
<!-- Generated by org.testng.reporters.JUnitReportReporter -->
<testsuite hostname="DESKTOP-OFDVSMO" failures="0" tests="1" name="testNGPackage.NewTest" time="0.004" errors="0" timestamp="2021-08-22T08:45:25 EDT" skipped="0">
  <testcase classname="testNGPackage.NewTest" name="lastly" time="0.004"/>
  <system-out/>
</testsuite> <!-- testNGPackage.NewTest -->
