<?xml version="1.0" encoding="UTF-8"?>
<!-- Generated by org.testng.reporters.JUnitReportReporter -->
<testsuite hostname="DESKTOP-OFDVSMO" failures="0" tests="1" name="testPackage.NewTest" time="0.004" errors="0" timestamp="2021-08-21T23:44:11 EDT" skipped="0">
  <testcase classname="testPackage.NewTest" name="lastly" time="0.004"/>
  <system-out/>
</testsuite> <!-- testPackage.NewTest -->
