<?xml version="1.0" encoding="UTF-8"?>
<!-- Generated by org.testng.reporters.JUnitReportReporter -->
<testsuite hostname="DESKTOP-OFDVSMO" failures="0" tests="1" name="testPackage.NewTest" time="0.001" errors="0" timestamp="22 Aug 2021 03:45:49 GMT" skipped="0">
  <testcase classname="testPackage.NewTest" name="lastly" time="0.001"/>
</testsuite> <!-- testPackage.NewTest -->
